Traceback (most recent call last):
  File "/opt/micromamba/envs/shortcake_default/lib/python3.10/site-packages/traitlets/traitlets.py", line 632, in get
KeyError: 'template_paths'

During handling of the above exception, another exception occurred:

Traceback (most recent call last):
  File "/opt/micromamba/envs/shortcake_default/bin/jupyter-nbconvert", line 6, in <module>
  File "/opt/micromamba/envs/shortcake_default/lib/python3.10/site-packages/nbconvert/nbconvertapp.py", line 193, in <module>
  File "/opt/micromamba/envs/shortcake_default/lib/python3.10/site-packages/nbconvert/nbconvertapp.py", line 252, in NbConvertApp
  File "/opt/micromamba/envs/shortcake_default/lib/python3.10/site-packages/nbconvert/exporters/base.py", line 145, in get_export_names
  File "/opt/micromamba/envs/shortcake_default/lib/python3.10/site-packages/nbconvert/exporters/base.py", line 107, in get_exporter
  File "/opt/micromamba/envs/shortcake_default/lib/python3.10/site-packages/nbconvert/exporters/templateexporter.py", line 350, in __init__
  File "/opt/micromamba/envs/shortcake_default/lib/python3.10/site-packages/nbconvert/exporters/exporter.py", line 123, in __init__
  File "/opt/micromamba/envs/shortcake_default/lib/python3.10/site-packages/nbconvert/exporters/templateexporter.py", line 535, in _init_preprocessors
  File "/opt/micromamba/envs/shortcake_default/lib/python3.10/site-packages/nbconvert/exporters/templateexporter.py", line 553, in _get_conf
  File "/opt/micromamba/envs/shortcake_default/lib/python3.10/site-packages/traitlets/traitlets.py", line 687, in __get__
  File "/opt/micromamba/envs/shortcake_default/lib/python3.10/site-packages/traitlets/traitlets.py", line 635, in get
  File "/opt/micromamba/envs/shortcake_default/lib/python3.10/site-packages/traitlets/traitlets.py", line 1897, in trait_defaults
  File "/opt/micromamba/envs/shortcake_default/lib/python3.10/site-packages/traitlets/traitlets.py", line 1241, in __call__
  File "/opt/micromamba/envs/shortcake_default/lib/python3.10/site-packages/nbconvert/exporters/templateexporter.py", line 564, in _template_paths
  File "/opt/micromamba/envs/shortcake_default/lib/python3.10/site-packages/nbconvert/exporters/templateexporter.py", line 629, in get_template_names
  File "/opt/micromamba/envs/shortcake_default/lib/python3.10/codecs.py", line 309, in __init__
KeyboardInterrupt
